[debug] [2025-09-02T17:20:51.399Z] ----------------------------------------------------------------------
[debug] [2025-09-02T17:20:51.404Z] Command:       /Users/macbookairm12021/.nvm/versions/node/v23.3.0/bin/node /Users/macbookairm12021/.nvm/versions/node/v23.3.0/bin/firebase deploy
[debug] [2025-09-02T17:20:51.404Z] CLI Version:   14.4.0
[debug] [2025-09-02T17:20:51.404Z] Platform:      darwin
[debug] [2025-09-02T17:20:51.404Z] Node Version:  v23.3.0
[debug] [2025-09-02T17:20:51.404Z] Time:          Tue Sep 02 2025 23:05:51 GMT+0545 (Nepal Time)
[debug] [2025-09-02T17:20:51.404Z] ----------------------------------------------------------------------
[debug] 
[debug] [2025-09-02T17:20:51.494Z] > command requires scopes: ["email","openid","https://www.googleapis.com/auth/cloudplatformprojects.readonly","https://www.googleapis.com/auth/firebase","https://www.googleapis.com/auth/cloud-platform"]
[debug] [2025-09-02T17:20:51.495Z] > authorizing via signed-in user (rishidevsanjay21@gmail.com)
[debug] [2025-09-02T17:20:51.495Z] [iam] checking project portfolio-sanjay-994bc for permissions ["firebase.projects.get","firebasehosting.sites.update"]
[debug] [2025-09-02T17:20:51.495Z] Checked if tokens are valid: true, expires at: 1756836700159
[debug] [2025-09-02T17:20:51.495Z] Checked if tokens are valid: true, expires at: 1756836700159
[debug] [2025-09-02T17:20:51.496Z] >>> [apiv2][query] POST https://cloudresourcemanager.googleapis.com/v1/projects/portfolio-sanjay-994bc:testIamPermissions [none]
[debug] [2025-09-02T17:20:51.496Z] >>> [apiv2][(partial)header] POST https://cloudresourcemanager.googleapis.com/v1/projects/portfolio-sanjay-994bc:testIamPermissions x-goog-quota-user=projects/portfolio-sanjay-994bc
[debug] [2025-09-02T17:20:51.496Z] >>> [apiv2][body] POST https://cloudresourcemanager.googleapis.com/v1/projects/portfolio-sanjay-994bc:testIamPermissions {"permissions":["firebase.projects.get","firebasehosting.sites.update"]}
[debug] [2025-09-02T17:20:53.076Z] <<< [apiv2][status] POST https://cloudresourcemanager.googleapis.com/v1/projects/portfolio-sanjay-994bc:testIamPermissions 200
[debug] [2025-09-02T17:20:53.076Z] <<< [apiv2][body] POST https://cloudresourcemanager.googleapis.com/v1/projects/portfolio-sanjay-994bc:testIamPermissions {"permissions":["firebase.projects.get","firebasehosting.sites.update"]}
[debug] [2025-09-02T17:20:53.076Z] Checked if tokens are valid: true, expires at: 1756836700159
[debug] [2025-09-02T17:20:53.076Z] Checked if tokens are valid: true, expires at: 1756836700159
[debug] [2025-09-02T17:20:53.077Z] >>> [apiv2][query] GET https://firebase.googleapis.com/v1beta1/projects/portfolio-sanjay-994bc [none]
[debug] [2025-09-02T17:20:53.687Z] <<< [apiv2][status] GET https://firebase.googleapis.com/v1beta1/projects/portfolio-sanjay-994bc 200
[debug] [2025-09-02T17:20:53.687Z] <<< [apiv2][body] GET https://firebase.googleapis.com/v1beta1/projects/portfolio-sanjay-994bc {"projectId":"portfolio-sanjay-994bc","projectNumber":"183342402952","displayName":"portfolio-sanjay","name":"projects/portfolio-sanjay-994bc","resources":{"hostingSite":"portfolio-sanjay-994bc"},"state":"ACTIVE","etag":"1_97123ccb-2af8-4166-ab90-f3cb9fd715f4"}
[info] 
[info] === Deploying to 'portfolio-sanjay-994bc'...
[info] 
[info] i  deploying hosting 
[debug] [2025-09-02T17:20:53.695Z] Checked if tokens are valid: true, expires at: 1756836700159
[debug] [2025-09-02T17:20:53.695Z] Checked if tokens are valid: true, expires at: 1756836700159
[debug] [2025-09-02T17:20:53.695Z] >>> [apiv2][query] POST https://firebasehosting.googleapis.com/v1beta1/projects/-/sites/portfolio-sanjay-994bc/versions [none]
[debug] [2025-09-02T17:20:53.695Z] >>> [apiv2][body] POST https://firebasehosting.googleapis.com/v1beta1/projects/-/sites/portfolio-sanjay-994bc/versions {"status":"CREATED","labels":{"deployment-tool":"cli-firebase"}}
[debug] [2025-09-02T17:20:55.612Z] <<< [apiv2][status] POST https://firebasehosting.googleapis.com/v1beta1/projects/-/sites/portfolio-sanjay-994bc/versions 200
[debug] [2025-09-02T17:20:55.613Z] <<< [apiv2][body] POST https://firebasehosting.googleapis.com/v1beta1/projects/-/sites/portfolio-sanjay-994bc/versions {"name":"projects/183342402952/sites/portfolio-sanjay-994bc/versions/230aa229621ba8a7","status":"CREATED","config":{},"labels":{"deployment-tool":"cli-firebase"}}
[info] i  hosting[portfolio-sanjay-994bc]: beginning deploy... 
[info] i  hosting[portfolio-sanjay-994bc]: found 70 files in out 
[debug] [2025-09-02T17:20:55.641Z] [hosting] uploading with 200 concurrency
[debug] [2025-09-02T17:20:55.911Z] Checked if tokens are valid: true, expires at: 1756836700159
[debug] [2025-09-02T17:20:55.911Z] Checked if tokens are valid: true, expires at: 1756836700159
[debug] [2025-09-02T17:20:55.911Z] [hosting] hash cache [b3V0] stored for 70 files
[debug] [2025-09-02T17:20:55.911Z] [hosting][hash queue][FINAL] {"max":263,"min":11,"avg":34.4,"active":0,"complete":70,"success":70,"errored":0,"retried":0,"total":70,"elapsed":267}
[debug] [2025-09-02T17:20:55.911Z] >>> [apiv2][query] POST https://firebasehosting.googleapis.com/v1beta1/projects/183342402952/sites/portfolio-sanjay-994bc/versions/230aa229621ba8a7:populateFiles [none]
[debug] [2025-09-02T17:20:55.912Z] >>> [apiv2][body] POST https://firebasehosting.googleapis.com/v1beta1/projects/183342402952/sites/portfolio-sanjay-994bc/versions/230aa229621ba8a7:populateFiles {"files":{"/vercel.svg":"ffb3d6634c37da9451d60557ed0e6e513e2889672e0bf202d2558062062a048a","/window.svg":"bf07bc7ddc1ae03e7936a9347de10e85cf9a0e51f99bd8293b2a8eeca6463b49","/file.svg":"cb6477bad43c44ba222b8cddfa7e4fe646b19ec7449646e8c2a426354faa630e","/next.svg":"7b16665552cb47db34db342505d6d340caaf5813ca2cba1df3536ed67ea33f64","/globe.svg":"914fe1f576f68698d9e329ea8ec6c542d8d5f150af08f1a360d188fed7597c23","/404.html":"c32053ed7f892cbd2b46341a45a7d5cf76529eb99f6a2073c2eb905a9f25ddfe","/index.txt":"1411ac6428b5ec87ff0e983a20bcd4143119b17be76a5ebcfe2def248e3407c5","/index.html":"364f82443bcbaa326c43289c34b103522113dd9e7463d4ff52505485025f4a7e","/favicon.ico":"8b9c4dce3353938d2027ab21f0489807587db05d65ef390a6947d32312e501a0","/images/vscode.png":"3bc51d0a11ab9ad5c64bf3e5ef4e7ea5d49732805d7991e0e16535be01505c17","/images/send-icon.png":"d53322f0ec37666ca67e9ab584012d9ad40063ef3306471d88d83499c610fc54","/images/right-arrow-white.png":"87e32ff2f5f12f330b840a71b71905f31aa04d9ff2d46cd983772becc57c8010","/images/tailwind-css-icon.webp":"dd7f23d4444b933fbc02ca67dae9997b8fc0f17c9c1e104b33eab885323649cf","/images/right-arrow-bold.png":"d71fa4f7a9e2b23bc172b14d797aa0e9cf4bff0a87aebfabc1080ee80ebfb0af","/images/project-icon.png":"121a0571ee3bfd85e176f283769e9d5b2184f16af115d33b7ed3e14976a36711","/images/oracle.png":"5fe24e3c2214bfe7460a31845203b568a54736a19b8c746a81733c687021ff41","/images/port_logo.png":"defc093200ffafcaf7e97d0e9747a111d45615e36d584257b337a006f1fe2b8f","/images/node-js.svg":"339461abd598142e011269fcb9f940d891102a2946146b5e0cc7ecb7b729dd17","/images/mongodb.png":"9374e737a07326dc9cf78610676b7d27bb3ea71b3b80150a2427e42a130aa390","/images/node-js (1).svg":"4bf368e4ba1fcf00fd4a040bafb69bedb05df30c25526d418a3938944b62ef28","/images/mail_icon.png":"0efb473128999bc3fd3d522d2e7ff99fc72fce22c2cc0eda3efe6677b631a4ba","/images/html-5.svg":"c92ac89d3dc4902fa20d13222dd07d33ed903b43fc9eca97e88330a9e1b060a9","/images/menu-black.png":"f9f5f241cd36479d309646638f27f1669663fc5ac731469592816a664a5c36e2","/images/git.png":"4e2449ab79486345df715ced7058aceac9caf1be46de2311e1d1b87b5142fff5","/images/figma.png":"38439791ac8b8ba7df221c86aef052767cc83c359a6bfaa156db5b192dc18175","/images/hand-icon.png":"e85a3bd2c0dfed375af22441c147655a4e0e9cb8a84e93dab15ca8accf9f05aa","/images/edu-icon.png":"15f76b3802217af8b5845f44fb72b279b7a2f65f13f1d60ff40efb774dd4228e","/images/download-icon.png":"65918ded932ee0b9d038ded30770798a5a06e402afe19528a77d88fd26c92eb0","/images/expressjs_logo_icon_169185.png":"e44480e12549b044a2486299de381929c3068792fe71268a545681787af08b4b","/images/css-3.svg":"8153e9f8ef8b9a03d0186935394c265b4202a358d1aa6e393be26c768349e175","/images/download.jpg":"25ff7283bd734f9312e221aff05097a85939f7bbab1f21df437ba8184d7c2827","/images/code-icon.png":"0637b1571bc045112dcf587ccdd4dd5a1c16dd08972c286c395e828a2612674a","/images/close-black.png":"f804060fdef7e78aa1acff2570fd7024af938b00a10876763ab330042e31cb06","/images/arrow-icon.png":"01dd641f3ad6ab9ef936814cb6157ca0e1541891c6a73714df6f70d93b834fd7","/_next/static/media/ba015fad6dcf6784-s.woff2":"2b719e95831c9d92a31ebbe512bbd87cc76501765edb9b6ca4734cc5a2becb94","/_next/static/media/9610d9e46709d722-s.woff2":"7cdf2599fa32a0a3edc7d4126b5c8f5233d62799ddb46552ca6890389ba7d9c1","/images/wordpress.png":"852e98dd910e64aa2954f20a919bf98be8e60e94b18b8d596fe5095ca0d23035","/images/mysql-com-icon.avif":"809a293c8d69a1f0bc34650b8dc269295b0575bd3a0c312c1ceb6bd11cae49ee","/images/react753244.png":"4d43fc9873c3e95d14e217a8357a127506fe37f73180f493800945035d1e3489","/images/mysql.png":"25868552903bd959e5b6ca41478869653c6b9b45a20f14901bd9a30db925290e","/_next/static/media/8d697b304b401681-s.woff2":"cccaf7bf72117d313a9afc3a475289a19b9fcd0f735c9b2e4ded6cba08a517a0","/_next/static/media/747892c23ea88013-s.woff2":"396955195c54144bce504511dd89d0c74a3f6b453d73823073be1a2cbe00e6de","/_next/static/chunks/webpack-fdb92e98e8877e52.js":"5382632c6a62cd957a8c4f02a9fd8a096610b39a90b929a7c1e3fec80d6e7a3d","/_next/static/chunks/main-app-0cdd567929712352.js":"329ddbb368cd000d6785f70760ddc1bf874b0be2f67b3e6dec8ea365b5d6808b","/_next/static/css/7de1c2b7c8d13e53.css":"ff3f7cab531732872b04e913f1357523e905ae5de9c374db35dce7acb0194d5c","/_next/static/chunks/970-7bbdec9ceeeba35f.js":"2e4b9d887580ef6b9813f63bf58e8d480b06ff773dfeb89b3a4c6228f48ba6f6","/_next/static/chunks/pages/_app-ba1f4dfb327cb386.js":"1223039310b0e383cd7d0b38e513574f42c564e7273f004e3e7f1fc6857f9d9f","/_next/static/chunks/pages/_error-585f45ef811dbce3.js":"a7317a17462ed959e7947066a847c91d7f833773b7190d2df41dd12552a0fcf7","/_next/static/chunks/app/layout-37fb420c6746121e.js":"695a062484b27d90e747a7f909be51c34ec490dfda14b04a057b55358f3201d1","/_next/static/chunks/app/page-20e8c678bb7d8c08.js":"0ac966e65f7b06d1b5fa77fb4230119bb9d8a5893b2490e4f58f96ff18d8acc4","/_next/static/chunks/app/_not-found/page-3e80b30ea6979fe0.js":"747e7aff2183251681fe8b1ea5d3381923df24b55b63d2e50fb3b8d51f540aef","/_next/static/NCB3P8NoJH-j6U_PEey41/_buildManifest.js":"9ba2e98fd7429d343ca74fc85842c6f50c26e3241b24dea3ea6a3b9e6948cd92","/_next/static/NCB3P8NoJH-j6U_PEey41/_ssgManifest.js":"02dbc1aeab6ef0a6ff2ff9a1643158cf9bb38929945eaa343a3627dee9ba6778","/_next/static/media/93f479601ee12b01-s.p.woff2":"a259f1cc268ca344efc6262b4995c1c232308fca60ea61efec48fcb2d49b4f03","/_next/static/media/569ce4b8f30dc480-s.p.woff2":"bc42f82a40910fe1ca4f24b681416db7137eedc966a76f190ab676ffdce95a72","/sanjay-rishidev-resume.pdf":"6d144e508ef5118ae0b89fec1370df0d6130a4441273a4703e3633921126a799","/_next/static/chunks/main-9c82414b68caa902.js":"6132b94826401aca4bea3ea0000f8dd5b2a3242ad400f9b82756145764085739","/_next/static/chunks/polyfills-42372ed130431b0a.js":"67dee1c02c6a6700d63b5c1898cf2df618101a68a395db469192763d24925a23","/_next/static/chunks/framework-1a54362ca270c357.js":"e57200bfbfa3cbf131fc764c4d9750670aa8915d31ee3e9d0427ce6a4a38f21c","/_next/static/chunks/919-43aa496273387225.js":"7250e87c12f8a8dc19f700680325f673af6d032a5da81f9c55a02b80756c9b73","/_next/static/chunks/79b3e8d8-d3bcf22ee45b9a23.js":"009992b0f762592dcbd1033a18d081daec338ea6e026e5111a260b196387dd01","/images/Profile.jpg":"289f57bc98234aa0845450effe8c8aa7e6566d4311060844d5ffe476d36d5097","/personal-project/accessibility.png":"66b6d9a75462329cdf0b2d603c7ccbf14751629313cf49e5bb2473b5506a4a73","/images/mongocom.png":"dd4c60b9909e926348056a0f38dadf39d10ce41d406e3d43e08c8955c86d0969","/images/writegpt.png":"a2c9c937448259b50e4f80a7ba3d5fd06866457787ed4353d92d17f709dd5985","/personal-project/focustube.png":"2e180b4a1dd32cc3dc6f48379d593b6849ea1dd5bd39785762579ba219288985","/images/euvin.png":"1a2d81c6d5aa8276242e434f96fd6c26c9f4e55fa83507e6f23cb51be50de211","/images/fluttermotion.png":"40e70f00bef3b340412b310e1fcd808ecefceb6d70f9770d346cd311e52b4ca9","/images/security.png":"f9774019edbf51a9c01a60da0f785ce5d63a88849809cfdfad58c8c914563d0a","/personal-project/momentum.png":"d742e93be1fd0f2bc850a60d2fa4d42841b8e1e424305558749a964ed2fb8bb0"}}
[debug] [2025-09-02T17:20:56.512Z] <<< [apiv2][status] POST https://firebasehosting.googleapis.com/v1beta1/projects/183342402952/sites/portfolio-sanjay-994bc/versions/230aa229621ba8a7:populateFiles 200
[debug] [2025-09-02T17:20:56.513Z] <<< [apiv2][body] POST https://firebasehosting.googleapis.com/v1beta1/projects/183342402952/sites/portfolio-sanjay-994bc/versions/230aa229621ba8a7:populateFiles {"uploadRequiredHashes":["1411ac6428b5ec87ff0e983a20bcd4143119b17be76a5ebcfe2def248e3407c5","364f82443bcbaa326c43289c34b103522113dd9e7463d4ff52505485025f4a7e","ff3f7cab531732872b04e913f1357523e905ae5de9c374db35dce7acb0194d5c","c32053ed7f892cbd2b46341a45a7d5cf76529eb99f6a2073c2eb905a9f25ddfe"],"uploadUrl":"https://upload-firebasehosting.googleapis.com/upload/sites/portfolio-sanjay-994bc/versions/230aa229621ba8a7/files"}
[debug] [2025-09-02T17:20:56.514Z] Checked if tokens are valid: true, expires at: 1756836700159
[debug] [2025-09-02T17:20:56.514Z] Checked if tokens are valid: true, expires at: 1756836700159
[debug] [2025-09-02T17:20:56.514Z] Checked if tokens are valid: true, expires at: 1756836700159
[debug] [2025-09-02T17:20:56.515Z] Checked if tokens are valid: true, expires at: 1756836700159
[debug] [2025-09-02T17:20:56.515Z] Checked if tokens are valid: true, expires at: 1756836700159
[debug] [2025-09-02T17:20:56.515Z] Checked if tokens are valid: true, expires at: 1756836700159
[debug] [2025-09-02T17:20:56.515Z] Checked if tokens are valid: true, expires at: 1756836700159
[debug] [2025-09-02T17:20:56.515Z] Checked if tokens are valid: true, expires at: 1756836700159
[debug] [2025-09-02T17:20:56.516Z] >>> [apiv2][query] POST https://upload-firebasehosting.googleapis.com/upload/sites/portfolio-sanjay-994bc/versions/230aa229621ba8a7/files/1411ac6428b5ec87ff0e983a20bcd4143119b17be76a5ebcfe2def248e3407c5 [none]
[debug] [2025-09-02T17:20:56.516Z] >>> [apiv2][body] POST https://upload-firebasehosting.googleapis.com/upload/sites/portfolio-sanjay-994bc/versions/230aa229621ba8a7/files/1411ac6428b5ec87ff0e983a20bcd4143119b17be76a5ebcfe2def248e3407c5 [stream]
[debug] [2025-09-02T17:20:56.518Z] >>> [apiv2][query] POST https://upload-firebasehosting.googleapis.com/upload/sites/portfolio-sanjay-994bc/versions/230aa229621ba8a7/files/364f82443bcbaa326c43289c34b103522113dd9e7463d4ff52505485025f4a7e [none]
[debug] [2025-09-02T17:20:56.518Z] >>> [apiv2][body] POST https://upload-firebasehosting.googleapis.com/upload/sites/portfolio-sanjay-994bc/versions/230aa229621ba8a7/files/364f82443bcbaa326c43289c34b103522113dd9e7463d4ff52505485025f4a7e [stream]
[debug] [2025-09-02T17:20:56.520Z] >>> [apiv2][query] POST https://upload-firebasehosting.googleapis.com/upload/sites/portfolio-sanjay-994bc/versions/230aa229621ba8a7/files/ff3f7cab531732872b04e913f1357523e905ae5de9c374db35dce7acb0194d5c [none]
[debug] [2025-09-02T17:20:56.520Z] >>> [apiv2][body] POST https://upload-firebasehosting.googleapis.com/upload/sites/portfolio-sanjay-994bc/versions/230aa229621ba8a7/files/ff3f7cab531732872b04e913f1357523e905ae5de9c374db35dce7acb0194d5c [stream]
[debug] [2025-09-02T17:20:56.521Z] >>> [apiv2][query] POST https://upload-firebasehosting.googleapis.com/upload/sites/portfolio-sanjay-994bc/versions/230aa229621ba8a7/files/c32053ed7f892cbd2b46341a45a7d5cf76529eb99f6a2073c2eb905a9f25ddfe [none]
[debug] [2025-09-02T17:20:56.521Z] >>> [apiv2][body] POST https://upload-firebasehosting.googleapis.com/upload/sites/portfolio-sanjay-994bc/versions/230aa229621ba8a7/files/c32053ed7f892cbd2b46341a45a7d5cf76529eb99f6a2073c2eb905a9f25ddfe [stream]
[debug] [2025-09-02T17:20:56.523Z] [hosting][populate queue][FINAL] {"max":606,"min":606,"avg":606,"active":0,"complete":1,"success":1,"errored":0,"retried":0,"total":1,"elapsed":613}
[debug] [2025-09-02T17:20:56.523Z] [hosting] uploads queued: 4
[debug] [2025-09-02T17:20:58.020Z] <<< [apiv2][status] POST https://upload-firebasehosting.googleapis.com/upload/sites/portfolio-sanjay-994bc/versions/230aa229621ba8a7/files/364f82443bcbaa326c43289c34b103522113dd9e7463d4ff52505485025f4a7e 200
[debug] [2025-09-02T17:20:58.020Z] <<< [apiv2][body] POST https://upload-firebasehosting.googleapis.com/upload/sites/portfolio-sanjay-994bc/versions/230aa229621ba8a7/files/364f82443bcbaa326c43289c34b103522113dd9e7463d4ff52505485025f4a7e [stream]
